[debug] ----------------------------------------------------------------------
[debug] Command:      C:\Program Files\nodejs\node.exe C:\Users\Jsoldat\AppData\Roaming\npm\node_modules\firebase-tools\bin\firebase serve
[debug] CLI Version:  3.0.2
[debug] Platform:     win32
[debug] Node Version: v4.4.0
[debug] Time:         Sat Jun 04 2016 09:36:35 GMT+0700 (SE Asia Standard Time)
[debug] ----------------------------------------------------------------------
[debug] 
[info] Starting Firebase development server...
[info] 
[info] Project Directory: C:\Users\Jsoldat\Desktop\CODE\firebase
[info] Public Directory: public
[info] 
[info] Server listening at: http://localhost:5000
[debug] ----------------------------------------------------------------------
[debug] Command:      C:\Program Files\nodejs\node.exe C:\Users\Jsoldat\AppData\Roaming\npm\node_modules\firebase-tools\bin\firebase serve
[debug] CLI Version:  3.0.2
[debug] Platform:     win32
[debug] Node Version: v4.4.0
[debug] Time:         Sat Jun 04 2016 09:45:39 GMT+0700 (SE Asia Standard Time)
[debug] ----------------------------------------------------------------------
[debug] 
[info] Starting Firebase development server...
[info] 
[info] Project Directory: C:\Users\Jsoldat\Desktop\CODE\firebase
[info] Public Directory: public
[info] 
[info] Server listening at: http://localhost:5000
[debug] ----------------------------------------------------------------------
[debug] Command:      C:\Program Files\nodejs\node.exe C:\Users\Jsoldat\AppData\Roaming\npm\node_modules\firebase-tools\bin\firebase serve
[debug] CLI Version:  3.0.2
[debug] Platform:     win32
[debug] Node Version: v4.4.0
[debug] Time:         Sat Jun 04 2016 09:50:11 GMT+0700 (SE Asia Standard Time)
[debug] ----------------------------------------------------------------------
[debug] 
[info] Starting Firebase development server...
[info] 
[info] Project Directory: C:\Users\Jsoldat\Desktop\CODE\firebase
[info] Public Directory: public
[info] 
[info] Server listening at: http://localhost:5000
